<?xml version="1.0" encoding="UTF-8"?>
<!-- Generated by org.testng.reporters.JUnitXMLReporter -->
<testsuite hostname="Windows7-PC" ignored="0" name="Firefox Test" tests="3" failures="0" timestamp="2021-12-20T14:10:48 IST" time="0.192" errors="0">
  <testcase name="boy" time="0.028" classname="nut.fut.chill.Parameterization"/>
  <testcase name="divisionByZero" time="0.002" classname="nut.fut.chill.Parameterization"/>
  <testcase name="test1" time="0.0" classname="nut.fut.chill.Parameterization"/>
</testsuite> <!-- Firefox Test -->
