<?xml version="1.0" encoding="UTF-8"?>
<!-- Generated by org.testng.reporters.JUnitXMLReporter -->
<testsuite hostname="Windows7-PC" ignored="0" name="Invalid browser Test" tests="3" failures="0" timestamp="2021-12-20T14:11:11 IST" time="0.036" errors="0">
  <testcase name="boy" time="0.009" classname="nut.fut.chill.Parameterization"/>
  <testcase name="divisionByZero" time="0.006" classname="nut.fut.chill.Parameterization"/>
  <testcase name="test1" time="0.003" classname="nut.fut.chill.Parameterization"/>
</testsuite> <!-- Invalid browser Test -->
