<?xml version="1.0" encoding="UTF-8"?>
<testng-results skipped="0" failed="0" ignored="0" total="1" passed="1">
  <reporter-output>
  </reporter-output>
  <suite name="Failed suite [Suite]" duration-ms="33922" started-at="2021-12-20T14:14:54 IST" finished-at="2021-12-20T14:15:28 IST">
    <groups>
    </groups>
    <test name="Chrome Test(failed)" duration-ms="33922" started-at="2021-12-20T14:14:54 IST" finished-at="2021-12-20T14:15:28 IST">
      <class name="nut.fut.chill.Sample">
        <test-method status="PASS" signature="testlevel(java.lang.String,java.lang.String,java.lang.String,int)[pri:0, instance:nut.fut.chill.Sample@1563da5]" name="testlevel" duration-ms="33726" started-at="2021-12-20T14:14:54 IST" finished-at="2021-12-20T14:15:28 IST">
          <params>
            <param index="0">
              <value>
                <![CDATA[https://demoqa.com/login]]>
              </value>
            </param>
            <param index="1">
              <value>
                <![CDATA[VG2708]]>
              </value>
            </param>
            <param index="2">
              <value>
                <![CDATA[Sybase#2021]]>
              </value>
            </param>
            <param index="3">
              <value>
                <![CDATA[10]]>
              </value>
            </param>
          </params>
          <reporter-output>
          </reporter-output>
        </test-method> <!-- testlevel -->
      </class> <!-- nut.fut.chill.Sample -->
    </test> <!-- Chrome Test(failed) -->
  </suite> <!-- Failed suite [Suite] -->
</testng-results>
